Arguments: 
  /usr/local/bin/node /usr/local/Cellar/yarn/1.15.2/libexec/bin/yarn.js add global vue-cli-service@latest

PATH: 
  /usr/local/mongodb/bin:/usr/local/bin:/usr/bin:/bin:/usr/sbin:/sbin:/Users/denzel/Desktop

Yarn version: 
  1.15.2

Node version: 
  12.10.0

Platform: 
  darwin x64

Trace: 
  Error: http://registry.npmjs.org/vue-cli-service: Not found
      at Request.params.callback [as _callback] (/usr/local/Cellar/yarn/1.15.2/libexec/lib/cli.js:66058:18)
      at Request.self.callback (/usr/local/Cellar/yarn/1.15.2/libexec/lib/cli.js:129541:22)
      at Request.emit (events.js:209:13)
      at Request.<anonymous> (/usr/local/Cellar/yarn/1.15.2/libexec/lib/cli.js:130513:10)
      at Request.emit (events.js:209:13)
      at IncomingMessage.<anonymous> (/usr/local/Cellar/yarn/1.15.2/libexec/lib/cli.js:130435:12)
      at Object.onceWrapper (events.js:298:28)
      at IncomingMessage.emit (events.js:214:15)
      at endReadableNT (_stream_readable.js:1178:12)
      at processTicksAndRejections (internal/process/task_queues.js:80:21)

npm manifest: 
  {
    "name": "easy-element-suggest",
    "version": "0.0.2",
    "description": "",
    "main": "index.js",
    "scripts": {
      "test": "echo \"Error: no test specified\" && exit 1",
      "build": "npx vue-cli-service build --target lib --name EasyElementSuggest src/index.vue"
    },
    "keywords": [],
    "author": "",
    "license": "ISC",
    "gitHead": "86d99595849d0b3aa6f1a3220be0be8801a8402e"
  }

yarn manifest: 
  No manifest

Lockfile: 
  No lockfile
